[T 17:25:59 4446] CodeQL CLI version 2.19.1
[T 17:25:59 4446] Initializing tracer.
[T 17:25:59 4446] Initializing tags.
[T 17:25:59 4446] ID set to 000000000000115E_0000000000000001 (parent root)
[T 17:25:59 4446] Initializing tracer.
[T 17:25:59 4446] Initializing tags.
[T 17:25:59 4446] ID set to 000000000000115E_0000000000000002 (parent root)
[T 17:25:59 4446] Warning: SEMMLE_EXEC and SEMMLE_EXECP not set. Falling back to path lookup on argv[0].
[T 17:25:59 4446] ==== Candidate to intercept: /usr/local/codeql-home/codeql/tools/linux64/runner-linux (canonical: /usr/local/codeql-home/codeql/tools/linux64/runner-linux) ====
[T 17:25:59 4446] Executing the following tracer actions:
[T 17:25:59 4446] Tracer actions:
[T 17:25:59 4446] pre_invocations(0)
[T 17:25:59 4446] post_invocations(0)
[T 17:25:59 4446] trace_languages(1): [csharp]
[T 17:25:59 4446] Initializing tracer.
[T 17:25:59 4446] Initializing tags.
[T 17:25:59 4446] ID set to 000000000000115E_0000000000000003 (parent 000000000000115E_0000000000000002)
[T 17:25:59 4446] ==== Candidate to intercept: dotnet (canonical: /usr/bin/dotnet) ====
[T 17:25:59 4446] Lua: Execute a .NET SDK command usage detected
[T 17:25:59 4446] Lua: Dotnet subcommand detected: build
[T 17:25:59 4446] Lua: === Intercepted call to /usr/bin/dotnet ===
[T 17:25:59 4446] Executing the following tracer actions:
[T 17:25:59 4446] Tracer actions:
[T 17:25:59 4446] pre_invocations(0)
[T 17:25:59 4446] replacing compiler with:
[T 17:25:59 4446] invocation: /usr/bin/dotnet, args: [build, -p:UseSharedCompilation=false, -p:EmitCompilerGeneratedFiles=true]
[T 17:25:59 4446] post_invocations(0)
[T 17:25:59 4446] trace_languages(1): [csharp]
[T 17:25:59 4446] Initializing tracer.
[T 17:25:59 4446] Initializing tags.
[T 17:25:59 4446] ID set to 000000000000115E_0000000000000004 (parent 000000000000115E_0000000000000003)
